c:\users\marco\dropbox\cave\dev\if\storytllr\script_compiler\build\debug\vc141.pdb
c:\users\marco\dropbox\cave\dev\if\storytllr\script_compiler\build\debug\vc141.idb
c:\users\marco\dropbox\cave\dev\if\storytllr\script_compiler\build\debug\imageshow.obj
c:\users\marco\dropbox\cave\dev\if\storytllr\script_compiler\build\debug\image_en.obj
c:\users\marco\dropbox\cave\dev\if\storytllr\script_compiler\build\debug\main.obj
c:\users\marco\dropbox\cave\dev\if\storytllr\script_compiler\build\debug\blocksplitter.obj
c:\users\marco\dropbox\cave\dev\if\storytllr\script_compiler\build\debug\cache.obj
c:\users\marco\dropbox\cave\dev\if\storytllr\script_compiler\build\debug\deflate.obj
c:\users\marco\dropbox\cave\dev\if\storytllr\script_compiler\build\debug\gzip_container.obj
c:\users\marco\dropbox\cave\dev\if\storytllr\script_compiler\build\debug\hash.obj
c:\users\marco\dropbox\cave\dev\if\storytllr\script_compiler\build\debug\katajainen.obj
c:\users\marco\dropbox\cave\dev\if\storytllr\script_compiler\build\debug\lz77.obj
c:\users\marco\dropbox\cave\dev\if\storytllr\script_compiler\build\debug\squeeze.obj
c:\users\marco\dropbox\cave\dev\if\storytllr\script_compiler\build\debug\tree.obj
c:\users\marco\dropbox\cave\dev\if\storytllr\script_compiler\build\debug\util.obj
c:\users\marco\dropbox\cave\dev\if\storytllr\script_compiler\build\debug\zlib_container.obj
c:\users\marco\dropbox\cave\dev\if\storytllr\script_compiler\build\debug\zopfli_lib.obj
c:\users\marco\dropbox\cave\dev\if\storytllr\script_compiler\bin\script_compiler.ilk
c:\users\marco\dropbox\cave\dev\if\storytllr\script_compiler\bin\script_compiler.exe
c:\users\marco\dropbox\cave\dev\if\storytllr\script_compiler\bin\script_compiler.pdb
c:\users\marco\dropbox\cave\dev\if\storytllr\script_compiler\build\debug\script_compiler.res
c:\users\marco\dropbox\cave\dev\if\storytllr\script_compiler\\bin\script_compiler.pdb
c:\users\marco\dropbox\cave\dev\if\storytllr\script_compiler\\bin\script_compiler.exe
c:\users\marco\dropbox\cave\dev\if\storytllr\script_compiler\\bin\script_compiler.ilk
c:\users\marco\dropbox\cave\dev\if\storytllr\script_compiler\build\debug\script_compiler.tlog\cl.command.1.tlog
c:\users\marco\dropbox\cave\dev\if\storytllr\script_compiler\build\debug\script_compiler.tlog\cl.read.1.tlog
c:\users\marco\dropbox\cave\dev\if\storytllr\script_compiler\build\debug\script_compiler.tlog\cl.write.1.tlog
c:\users\marco\dropbox\cave\dev\if\storytllr\script_compiler\build\debug\script_compiler.tlog\link.command.1.tlog
c:\users\marco\dropbox\cave\dev\if\storytllr\script_compiler\build\debug\script_compiler.tlog\link.read.1.tlog
c:\users\marco\dropbox\cave\dev\if\storytllr\script_compiler\build\debug\script_compiler.tlog\link.write.1.tlog
c:\users\marco\dropbox\cave\dev\if\storytllr\script_compiler\build\debug\script_compiler.tlog\rc.command.1.tlog
c:\users\marco\dropbox\cave\dev\if\storytllr\script_compiler\build\debug\script_compiler.tlog\rc.read.1.tlog
c:\users\marco\dropbox\cave\dev\if\storytllr\script_compiler\build\debug\script_compiler.tlog\rc.write.1.tlog
