C:\Program Files (x86)\Microsoft Visual Studio\2017\Professional\Common7\IDE\VC\VCTargets\Microsoft.CppBuild.targets(391,5): warning MSB8028: la directory intermedia (build\Release\) contiene file condivisi da un altro progetto (script_compiler.vcxproj). Tale condizione può comportare un comportamento di pulizia e ricompilazione non corretto.
  imageshow.cpp
c:\users\marco\dropbox\cave\dev\if\storytllr\compiler\gustavsson\app.h(724): warning C4005: '_CRT_SECURE_NO_WARNINGS': ridefinizione macro
  c:\users\marco\dropbox\cave\dev\if\storytllr\compiler\imageshow.cpp: note: vedere la precedente definizione di '_CRT_SECURE_NO_WARNINGS'
c:\users\marco\dropbox\cave\dev\if\storytllr\compiler\gustavsson\app.h(2672): warning C4101: 'dwBytes1': variabile locale senza riferimenti
c:\users\marco\dropbox\cave\dev\if\storytllr\compiler\gustavsson\app.h(2674): warning C4101: 'dwBytes2': variabile locale senza riferimenti
c:\users\marco\dropbox\cave\dev\if\storytllr\compiler\gustavsson\app.h(2671): warning C4101: 'lpvPtr1': variabile locale senza riferimenti
c:\users\marco\dropbox\cave\dev\if\storytllr\compiler\gustavsson\app.h(2673): warning C4101: 'lpvPtr2': variabile locale senza riferimenti
  image_en.c
  main.c
c:\users\marco\dropbox\cave\dev\if\storytllr\compiler\minilib.h(891): warning C4996: 'strcmpi': The POSIX name for this item is deprecated. Instead, use the ISO C and C++ conformant name: _strcmpi. See online help for details.
  c:\program files (x86)\windows kits\10\include\10.0.17763.0\ucrt\string.h(543): note: vedere la dichiarazione di 'strcmpi'
c:\users\marco\dropbox\cave\dev\if\storytllr\compiler\hupack.c(461): warning C4244: 'funzione': conversione da 'u16' a 'u8'. Possibile perdita di dati.
c:\users\marco\dropbox\cave\dev\if\storytllr\compiler\hupack.c(478): warning C4244: 'funzione': conversione da 'u16' a 'u8'. Possibile perdita di dati.
c:\users\marco\dropbox\cave\dev\if\storytllr\compiler\hupack.c(906): warning C4244: '=': conversione da 'u16' a 'u8'. Possibile perdita di dati.
c:\users\marco\dropbox\cave\dev\if\storytllr\compiler\main.c(159): warning C4267: 'funzione': conversione da 'size_t' a 'u16'. Possibile perdita di dati.
c:\users\marco\dropbox\cave\dev\if\storytllr\compiler\main.c(173): warning C4267: 'funzione': conversione da 'size_t' a 'u16'. Possibile perdita di dati.
c:\users\marco\dropbox\cave\dev\if\storytllr\compiler\main.c(246): warning C4090: '=': qualificatori 'const' differenti
c:\users\marco\dropbox\cave\dev\if\storytllr\compiler\main.c(251): warning C4090: '=': qualificatori 'const' differenti
c:\users\marco\dropbox\cave\dev\if\storytllr\compiler\main.c(252): warning C4090: '=': qualificatori 'const' differenti
c:\users\marco\dropbox\cave\dev\if\storytllr\compiler\main.c(338): warning C4090: '=': qualificatori 'const' differenti
c:\users\marco\dropbox\cave\dev\if\storytllr\compiler\main.c(388): warning C4090: '=': qualificatori 'const' differenti
c:\users\marco\dropbox\cave\dev\if\storytllr\compiler\main.c(1307): warning C4244: '=': conversione da 'short' a 'u8'. Possibile perdita di dati.
c:\users\marco\dropbox\cave\dev\if\storytllr\compiler\main.c(1308): warning C4244: '=': conversione da 'short' a 'u8'. Possibile perdita di dati.
c:\users\marco\dropbox\cave\dev\if\storytllr\compiler\main.c(1309): warning C4244: '=': conversione da 'short' a 'u8'. Possibile perdita di dati.
c:\users\marco\dropbox\cave\dev\if\storytllr\compiler\main.c(1310): warning C4244: '=': conversione da 'short' a 'u8'. Possibile perdita di dati.
c:\users\marco\dropbox\cave\dev\if\storytllr\compiler\main.c(1311): warning C4244: '=': conversione da 'short' a 'u8'. Possibile perdita di dati.
c:\users\marco\dropbox\cave\dev\if\storytllr\compiler\main.c(1314): warning C4244: '=': conversione da 'short' a 'u8'. Possibile perdita di dati.
c:\users\marco\dropbox\cave\dev\if\storytllr\compiler\main.c(1318): warning C4244: '=': conversione da 'short' a 'u8'. Possibile perdita di dati.
c:\users\marco\dropbox\cave\dev\if\storytllr\compiler\main.c(2962): warning C4267: '=': conversione da 'size_t' a 'u8'. Possibile perdita di dati.
c:\users\marco\dropbox\cave\dev\if\storytllr\compiler\main.c(3053): warning C4267: '=': conversione da 'size_t' a 'u16'. Possibile perdita di dati.
c:\users\marco\dropbox\cave\dev\if\storytllr\compiler\main.c(3151): warning C4133: 'funzione': tipi non compatibili. Da 'BUFC *' a 'BUF *'
c:\users\marco\dropbox\cave\dev\if\storytllr\compiler\main.c(4210): warning C4267: 'funzione': conversione da 'size_t' a 'u16'. Possibile perdita di dati.
c:\users\marco\dropbox\cave\dev\if\storytllr\compiler\main.c(4318): warning C4267: 'funzione': conversione da 'size_t' a 'u16'. Possibile perdita di dati.
c:\users\marco\dropbox\cave\dev\if\storytllr\compiler\main.c(4332): warning C4267: 'funzione': conversione da 'size_t' a 'u16'. Possibile perdita di dati.
c:\users\marco\dropbox\cave\dev\if\storytllr\compiler\main.c(4453): warning C4267: 'funzione': conversione da 'size_t' a 'u16'. Possibile perdita di dati.
c:\users\marco\dropbox\cave\dev\if\storytllr\compiler\main.c(4466): warning C4267: 'funzione': conversione da 'size_t' a 'u16'. Possibile perdita di dati.
c:\users\marco\dropbox\cave\dev\if\storytllr\compiler\main.c(4479): warning C4267: 'funzione': conversione da 'size_t' a 'u16'. Possibile perdita di dati.
c:\users\marco\dropbox\cave\dev\if\storytllr\compiler\main.c(5851): warning C4090: '=': qualificatori 'const' differenti
c:\users\marco\dropbox\cave\dev\if\storytllr\compiler\main.c(5852): warning C4090: '=': qualificatori 'const' differenti
c:\users\marco\dropbox\cave\dev\if\storytllr\compiler\main.c(6008): warning C4267: 'funzione': conversione da 'size_t' a 'u16'. Possibile perdita di dati.
c:\users\marco\dropbox\cave\dev\if\storytllr\compiler\main.c(6009): warning C4267: 'funzione': conversione da 'size_t' a 'u16'. Possibile perdita di dati.
c:\users\marco\dropbox\cave\dev\if\storytllr\compiler\main.c(6010): warning C4267: 'funzione': conversione da 'size_t' a 'u16'. Possibile perdita di dati.
c:\users\marco\dropbox\cave\dev\if\storytllr\compiler\main.c(6021): warning C4267: 'funzione': conversione da 'size_t' a 'u16'. Possibile perdita di dati.
c:\users\marco\dropbox\cave\dev\if\storytllr\compiler\main.c(6022): warning C4267: 'funzione': conversione da 'size_t' a 'u16'. Possibile perdita di dati.
c:\users\marco\dropbox\cave\dev\if\storytllr\compiler\main.c(6023): warning C4267: 'funzione': conversione da 'size_t' a 'u16'. Possibile perdita di dati.
c:\users\marco\dropbox\cave\dev\if\storytllr\compiler\main.c(6117): warning C4267: 'funzione': conversione da 'size_t' a 'u16'. Possibile perdita di dati.
c:\users\marco\dropbox\cave\dev\if\storytllr\compiler\main.c(6445): warning C4133: 'funzione': tipi non compatibili. Da 'unsigned short [2048]' a 'const u8 *'
c:\users\marco\dropbox\cave\dev\if\storytllr\compiler\main.c(6584): warning C4133: 'funzione': tipi non compatibili. Da 'unsigned short [2048]' a 'const u8 *'
c:\users\marco\dropbox\cave\dev\if\storytllr\compiler\main.c(6818): warning C4018: '<': errata corrispondenza tra signed e unsigned
  Generazione codice in corso...
  0 of 404 functions ( 0.0%) were compiled, the rest were copied from previous compilation.
    0 functions were new in current compilation
    0 functions had inline decision re-evaluated but remain unchanged
  Generazione codice terminata
  compiler.vcxproj -> C:\Users\marco\Dropbox\Cave\dev\IF\StoryTllr\player-C64-emu\..\bin\compiler.exe
