c:\users\marco\dropbox\cave\dev\if\storytllr\compiler\build\release\vc141.pdb
c:\users\marco\dropbox\cave\dev\if\storytllr\compiler\build\release\imageshow.obj
c:\users\marco\dropbox\cave\dev\if\storytllr\compiler\build\release\main.obj
c:\users\marco\dropbox\cave\dev\if\storytllr\compiler\build\release\image_en.obj
c:\users\marco\appdata\local\temp\lnk{55bfbe45-fe90-4ae9-a0bd-79be8ecf1781}.tmp
c:\users\marco\appdata\local\temp\lnk{be2527bc-bd30-4127-9a7e-bab55450f26a}.tmp
c:\users\marco\dropbox\cave\dev\if\storytllr\compiler\build\release\script_compiler.res
c:\users\marco\dropbox\cave\dev\if\storytllr\player-c64-emu\..\bin\compiler.pdb
c:\users\marco\dropbox\cave\dev\if\storytllr\player-c64-emu\..\bin\compiler.exe
c:\users\marco\dropbox\cave\dev\if\storytllr\compiler\build\release\compiler.tlog\cl.command.1.tlog
c:\users\marco\dropbox\cave\dev\if\storytllr\compiler\build\release\compiler.tlog\cl.read.1.tlog
c:\users\marco\dropbox\cave\dev\if\storytllr\compiler\build\release\compiler.tlog\cl.write.1.tlog
c:\users\marco\dropbox\cave\dev\if\storytllr\compiler\build\release\compiler.tlog\link-cvtres.read.1.tlog
c:\users\marco\dropbox\cave\dev\if\storytllr\compiler\build\release\compiler.tlog\link-cvtres.write.1.tlog
c:\users\marco\dropbox\cave\dev\if\storytllr\compiler\build\release\compiler.tlog\link-rc.read.1.tlog
c:\users\marco\dropbox\cave\dev\if\storytllr\compiler\build\release\compiler.tlog\link-rc.write.1.tlog
c:\users\marco\dropbox\cave\dev\if\storytllr\compiler\build\release\compiler.tlog\link.read.1.tlog
c:\users\marco\dropbox\cave\dev\if\storytllr\compiler\build\release\compiler.tlog\link.write.1.tlog
c:\users\marco\dropbox\cave\dev\if\storytllr\compiler\build\release\compiler.tlog\rc.command.1.tlog
c:\users\marco\dropbox\cave\dev\if\storytllr\compiler\build\release\compiler.tlog\rc.read.1.tlog
c:\users\marco\dropbox\cave\dev\if\storytllr\compiler\build\release\compiler.tlog\rc.write.1.tlog
