  main.c
c:\users\marco\dropbox\cave\dev\if\storytllr\script_compiler\minilib.h(233): warning C4022: 'GetFileTime': errore di corrispondenza del puntatore per il parametro effettivo 1
c:\users\marco\dropbox\cave\dev\if\storytllr\script_compiler\minilib.h(238): warning C4022: 'GetFileTime': errore di corrispondenza del puntatore per il parametro effettivo 1
c:\users\marco\dropbox\cave\dev\if\storytllr\script_compiler\hupack.c(461): warning C4244: 'funzione': conversione da 'u16' a 'u8'. Possibile perdita di dati.
c:\users\marco\dropbox\cave\dev\if\storytllr\script_compiler\hupack.c(478): warning C4244: 'funzione': conversione da 'u16' a 'u8'. Possibile perdita di dati.
c:\users\marco\dropbox\cave\dev\if\storytllr\script_compiler\hupack.c(906): warning C4244: '=': conversione da 'u16' a 'u8'. Possibile perdita di dati.
c:\users\marco\dropbox\cave\dev\if\storytllr\script_compiler\main.c(90): warning C4267: 'funzione': conversione da 'size_t' a 'WORD'. Possibile perdita di dati.
c:\users\marco\dropbox\cave\dev\if\storytllr\script_compiler\main.c(178): warning C4090: '=': qualificatori 'const' differenti
c:\users\marco\dropbox\cave\dev\if\storytllr\script_compiler\main.c(183): warning C4090: '=': qualificatori 'const' differenti
c:\users\marco\dropbox\cave\dev\if\storytllr\script_compiler\main.c(184): warning C4090: '=': qualificatori 'const' differenti
c:\users\marco\dropbox\cave\dev\if\storytllr\script_compiler\main.c(270): warning C4090: '=': qualificatori 'const' differenti
c:\users\marco\dropbox\cave\dev\if\storytllr\script_compiler\main.c(320): warning C4090: '=': qualificatori 'const' differenti
c:\users\marco\dropbox\cave\dev\if\storytllr\script_compiler\main.c(1523): warning C4244: '=': conversione da 'short' a 'u8'. Possibile perdita di dati.
c:\users\marco\dropbox\cave\dev\if\storytllr\script_compiler\main.c(1524): warning C4244: '=': conversione da 'short' a 'u8'. Possibile perdita di dati.
c:\users\marco\dropbox\cave\dev\if\storytllr\script_compiler\main.c(1525): warning C4244: '=': conversione da 'short' a 'u8'. Possibile perdita di dati.
c:\users\marco\dropbox\cave\dev\if\storytllr\script_compiler\main.c(1526): warning C4244: '=': conversione da 'short' a 'u8'. Possibile perdita di dati.
c:\users\marco\dropbox\cave\dev\if\storytllr\script_compiler\main.c(1527): warning C4244: '=': conversione da 'short' a 'u8'. Possibile perdita di dati.
c:\users\marco\dropbox\cave\dev\if\storytllr\script_compiler\main.c(1530): warning C4244: '=': conversione da 'short' a 'u8'. Possibile perdita di dati.
c:\users\marco\dropbox\cave\dev\if\storytllr\script_compiler\main.c(1534): warning C4244: '=': conversione da 'short' a 'u8'. Possibile perdita di dati.
c:\users\marco\dropbox\cave\dev\if\storytllr\script_compiler\main.c(2776): warning C4013: 'getDICTREF' non definita. Verrà considerata come esterna che restituisce un int.
c:\users\marco\dropbox\cave\dev\if\storytllr\script_compiler\main.c(3255): warning C4267: '=': conversione da 'size_t' a 'u8'. Possibile perdita di dati.
c:\users\marco\dropbox\cave\dev\if\storytllr\script_compiler\main.c(3346): warning C4267: '=': conversione da 'size_t' a 'u16'. Possibile perdita di dati.
c:\users\marco\dropbox\cave\dev\if\storytllr\script_compiler\main.c(3447): warning C4133: 'funzione': tipi non compatibili. Da 'AGMEMC *' a 'AGMEM *'
c:\users\marco\dropbox\cave\dev\if\storytllr\script_compiler\main.c(4326): warning C4013: 'findMSG' non definita. Verrà considerata come esterna che restituisce un int.
c:\users\marco\dropbox\cave\dev\if\storytllr\script_compiler\main.c(4553): warning C4267: 'funzione': conversione da 'size_t' a 'WORD'. Possibile perdita di dati.
c:\users\marco\dropbox\cave\dev\if\storytllr\script_compiler\main.c(4651): warning C4267: 'funzione': conversione da 'size_t' a 'WORD'. Possibile perdita di dati.
c:\users\marco\dropbox\cave\dev\if\storytllr\script_compiler\main.c(4702): warning C4267: 'funzione': conversione da 'size_t' a 'WORD'. Possibile perdita di dati.
c:\users\marco\dropbox\cave\dev\if\storytllr\script_compiler\main.c(4716): warning C4267: 'funzione': conversione da 'size_t' a 'WORD'. Possibile perdita di dati.
c:\users\marco\dropbox\cave\dev\if\storytllr\script_compiler\main.c(4837): warning C4267: 'funzione': conversione da 'size_t' a 'WORD'. Possibile perdita di dati.
c:\users\marco\dropbox\cave\dev\if\storytllr\script_compiler\main.c(4850): warning C4267: 'funzione': conversione da 'size_t' a 'WORD'. Possibile perdita di dati.
c:\users\marco\dropbox\cave\dev\if\storytllr\script_compiler\main.c(4863): warning C4267: 'funzione': conversione da 'size_t' a 'WORD'. Possibile perdita di dati.
c:\users\marco\dropbox\cave\dev\if\storytllr\script_compiler\converter\aws.c(344): warning C4996: 'itoa': The POSIX name for this item is deprecated. Instead, use the ISO C and C++ conformant name: _itoa. See online help for details.
  c:\program files (x86)\windows kits\10\include\10.0.17763.0\ucrt\stdlib.h(1323): note: vedere la dichiarazione di 'itoa'
c:\users\marco\dropbox\cave\dev\if\storytllr\script_compiler\converter\aws.c(357): warning C4133: 'funzione': tipi non compatibili. Da 'AWSDICT *' a 'AWSROOM *'
c:\users\marco\dropbox\cave\dev\if\storytllr\script_compiler\converter\aws.c(364): warning C4090: 'funzione': qualificatori 'const' differenti
c:\users\marco\dropbox\cave\dev\if\storytllr\script_compiler\converter\aws.c(376): warning C4090: 'funzione': qualificatori 'const' differenti
c:\users\marco\dropbox\cave\dev\if\storytllr\script_compiler\converter\aws.c(388): warning C4090: 'funzione': qualificatori 'const' differenti
c:\users\marco\dropbox\cave\dev\if\storytllr\script_compiler\converter\aws.c(395): warning C4090: 'funzione': qualificatori 'const' differenti
c:\users\marco\dropbox\cave\dev\if\storytllr\script_compiler\converter\aws.c(402): warning C4090: 'funzione': qualificatori 'const' differenti
c:\users\marco\dropbox\cave\dev\if\storytllr\script_compiler\converter\aws.c(409): warning C4090: 'funzione': qualificatori 'const' differenti
c:\users\marco\dropbox\cave\dev\if\storytllr\script_compiler\converter\aws.c(605): warning C4047: 'funzione': 'AWSIF *' differisce da 'AWSIF (*)[32]' nei livelli di riferimento indiretto
c:\users\marco\dropbox\cave\dev\if\storytllr\script_compiler\converter\aws.c(605): warning C4024: 'writecondition_extraif': tipi diversi tra il parametro 3 formale e quello effettivo
c:\users\marco\dropbox\cave\dev\if\storytllr\script_compiler\converter\aws.c(609): warning C4047: 'funzione': 'AWSIF *' differisce da 'AWSIF (*)[32]' nei livelli di riferimento indiretto
c:\users\marco\dropbox\cave\dev\if\storytllr\script_compiler\converter\aws.c(609): warning C4024: 'writecondition_commands': tipi diversi tra il parametro 2 formale e quello effettivo
c:\users\marco\dropbox\cave\dev\if\storytllr\script_compiler\converter\aws.c(572): warning C4101: 'r': variabile locale senza riferimenti
c:\users\marco\dropbox\cave\dev\if\storytllr\script_compiler\converter\aws.c(1233): warning C4047: 'funzione': 'AWSIF *' differisce da 'AWSIF (*)[32]' nei livelli di riferimento indiretto
c:\users\marco\dropbox\cave\dev\if\storytllr\script_compiler\converter\aws.c(1233): warning C4024: 'writecondition_extraif': tipi diversi tra il parametro 3 formale e quello effettivo
c:\users\marco\dropbox\cave\dev\if\storytllr\script_compiler\converter\aws.c(1236): warning C4047: 'funzione': 'AWSIF *' differisce da 'AWSIF (*)[32]' nei livelli di riferimento indiretto
c:\users\marco\dropbox\cave\dev\if\storytllr\script_compiler\converter\aws.c(1236): warning C4024: 'writecondition_commands': tipi diversi tra il parametro 2 formale e quello effettivo
c:\users\marco\dropbox\cave\dev\if\storytllr\script_compiler\converter\aws.c(1315): warning C4047: 'funzione': 'AWSIF *' differisce da 'AWSIF (*)[32]' nei livelli di riferimento indiretto
c:\users\marco\dropbox\cave\dev\if\storytllr\script_compiler\converter\aws.c(1315): warning C4024: 'writecondition_extraif': tipi diversi tra il parametro 3 formale e quello effettivo
c:\users\marco\dropbox\cave\dev\if\storytllr\script_compiler\converter\aws.c(1318): warning C4047: 'funzione': 'AWSIF *' differisce da 'AWSIF (*)[32]' nei livelli di riferimento indiretto
c:\users\marco\dropbox\cave\dev\if\storytllr\script_compiler\converter\aws.c(1318): warning C4024: 'writecondition_commands': tipi diversi tra il parametro 2 formale e quello effettivo
c:\users\marco\dropbox\cave\dev\if\storytllr\script_compiler\converter\aws.c(1141): warning C4101: 'r': variabile locale senza riferimenti
c:\users\marco\dropbox\cave\dev\if\storytllr\script_compiler\converter\aws.c(1188): warning C4101: 'r': variabile locale senza riferimenti
c:\users\marco\dropbox\cave\dev\if\storytllr\script_compiler\converter\aws.c(1271): warning C4101: 'r': variabile locale senza riferimenti
c:\users\marco\dropbox\cave\dev\if\storytllr\script_compiler\converter\zil.c(37): warning C4267: 'funzione': conversione da 'size_t' a 'WORD'. Possibile perdita di dati.
c:\users\marco\dropbox\cave\dev\if\storytllr\script_compiler\converter\zil.c(43): warning C4267: 'funzione': conversione da 'size_t' a 'WORD'. Possibile perdita di dati.
c:\users\marco\dropbox\cave\dev\if\storytllr\script_compiler\converter\zil.c(108): warning C4090: '=': qualificatori 'const' differenti
c:\users\marco\dropbox\cave\dev\if\storytllr\script_compiler\converter\zil.c(109): warning C4090: '=': qualificatori 'const' differenti
c:\users\marco\dropbox\cave\dev\if\storytllr\script_compiler\converter\zil.c(110): warning C4090: '=': qualificatori 'const' differenti
c:\users\marco\dropbox\cave\dev\if\storytllr\script_compiler\main.c(6237): warning C4090: '=': qualificatori 'const' differenti
c:\users\marco\dropbox\cave\dev\if\storytllr\script_compiler\main.c(6238): warning C4090: '=': qualificatori 'const' differenti
c:\users\marco\dropbox\cave\dev\if\storytllr\script_compiler\main.c(6400): warning C4267: 'funzione': conversione da 'size_t' a 'WORD'. Possibile perdita di dati.
c:\users\marco\dropbox\cave\dev\if\storytllr\script_compiler\main.c(6401): warning C4267: 'funzione': conversione da 'size_t' a 'WORD'. Possibile perdita di dati.
c:\users\marco\dropbox\cave\dev\if\storytllr\script_compiler\main.c(6402): warning C4267: 'funzione': conversione da 'size_t' a 'WORD'. Possibile perdita di dati.
c:\users\marco\dropbox\cave\dev\if\storytllr\script_compiler\main.c(6413): warning C4267: 'funzione': conversione da 'size_t' a 'WORD'. Possibile perdita di dati.
c:\users\marco\dropbox\cave\dev\if\storytllr\script_compiler\main.c(6414): warning C4267: 'funzione': conversione da 'size_t' a 'WORD'. Possibile perdita di dati.
c:\users\marco\dropbox\cave\dev\if\storytllr\script_compiler\main.c(6415): warning C4267: 'funzione': conversione da 'size_t' a 'WORD'. Possibile perdita di dati.
c:\users\marco\dropbox\cave\dev\if\storytllr\script_compiler\main.c(6509): warning C4267: 'funzione': conversione da 'size_t' a 'WORD'. Possibile perdita di dati.
c:\users\marco\dropbox\cave\dev\if\storytllr\script_compiler\main.c(6837): warning C4133: 'funzione': tipi non compatibili. Da 'unsigned short [2048]' a 'const u8 *'
c:\users\marco\dropbox\cave\dev\if\storytllr\script_compiler\main.c(6976): warning C4133: 'funzione': tipi non compatibili. Da 'unsigned short [2048]' a 'const u8 *'
c:\users\marco\dropbox\cave\dev\if\storytllr\script_compiler\main.c(7210): warning C4018: '<': errata corrispondenza tra signed e unsigned
  Generazione codice in corso...
  3 of 531 functions ( 0.6%) were compiled, the rest were copied from previous compilation.
    0 functions were new in current compilation
    6 functions had inline decision re-evaluated but remain unchanged
  Generazione codice terminata
  script_compiler.vcxproj -> C:\Users\marco\Dropbox\Cave\dev\IF\StoryTllr\player-C64-emu\..\bin\script_compiler.exe
